C:\projects\VS\ngUi\dist\out-tsc\src\app\services\auth0-variables.js
C:\projects\VS\ngUi\dist\out-tsc\src\app\services\auth0-variables.js.map
C:\projects\VS\ngUi\dist\out-tsc\src\app\services\auth.service.js
C:\projects\VS\ngUi\dist\out-tsc\src\app\services\auth.service.js.map
C:\projects\VS\ngUi\dist\out-tsc\src\app\app.component.js
C:\projects\VS\ngUi\dist\out-tsc\src\app\app.component.js.map
C:\projects\VS\ngUi\dist\out-tsc\src\app\profile\profile.component.js
C:\projects\VS\ngUi\dist\out-tsc\src\app\profile\profile.component.js.map
C:\projects\VS\ngUi\dist\out-tsc\src\app\home\home.component.js
C:\projects\VS\ngUi\dist\out-tsc\src\app\home\home.component.js.map
C:\projects\VS\ngUi\dist\out-tsc\src\app\password\password.component.js
C:\projects\VS\ngUi\dist\out-tsc\src\app\password\password.component.js.map
C:\projects\VS\ngUi\dist\out-tsc\src\app\services\data.service.js
C:\projects\VS\ngUi\dist\out-tsc\src\app\services\data.service.js.map
C:\projects\VS\ngUi\dist\out-tsc\src\app\sandbox\sandbox.component.js
C:\projects\VS\ngUi\dist\out-tsc\src\app\sandbox\sandbox.component.js.map
C:\projects\VS\ngUi\dist\out-tsc\src\app\registration\User.js
C:\projects\VS\ngUi\dist\out-tsc\src\app\registration\User.js.map
C:\projects\VS\ngUi\dist\out-tsc\src\app\registration\registration-service.service.js
C:\projects\VS\ngUi\dist\out-tsc\src\app\registration\registration-service.service.js.map
C:\projects\VS\ngUi\dist\out-tsc\src\app\registration\registration.component.js
C:\projects\VS\ngUi\dist\out-tsc\src\app\registration\registration.component.js.map
C:\projects\VS\ngUi\dist\out-tsc\src\app\login\login.component.js
C:\projects\VS\ngUi\dist\out-tsc\src\app\login\login.component.js.map
C:\projects\VS\ngUi\dist\out-tsc\src\app\thankyou\thankyou.component.js
C:\projects\VS\ngUi\dist\out-tsc\src\app\thankyou\thankyou.component.js.map
C:\projects\VS\ngUi\dist\out-tsc\src\app\services\auth-guard.service.js
C:\projects\VS\ngUi\dist\out-tsc\src\app\services\auth-guard.service.js.map
C:\projects\VS\ngUi\dist\out-tsc\src\app\callback\callback.component.js
C:\projects\VS\ngUi\dist\out-tsc\src\app\callback\callback.component.js.map
C:\projects\VS\ngUi\dist\out-tsc\src\app\app-routing.module.js
C:\projects\VS\ngUi\dist\out-tsc\src\app\app-routing.module.js.map
C:\projects\VS\ngUi\dist\out-tsc\src\app\services\global.service.js
C:\projects\VS\ngUi\dist\out-tsc\src\app\services\global.service.js.map
C:\projects\VS\ngUi\dist\out-tsc\src\app\services\scope-guard.service.js
C:\projects\VS\ngUi\dist\out-tsc\src\app\services\scope-guard.service.js.map
C:\projects\VS\ngUi\dist\out-tsc\src\app\routes.js
C:\projects\VS\ngUi\dist\out-tsc\src\app\routes.js.map
C:\projects\VS\ngUi\dist\out-tsc\src\app\header\header.component.js
C:\projects\VS\ngUi\dist\out-tsc\src\app\header\header.component.js.map
C:\projects\VS\ngUi\dist\out-tsc\src\app\footer\footer.component.js
C:\projects\VS\ngUi\dist\out-tsc\src\app\footer\footer.component.js.map
C:\projects\VS\ngUi\dist\out-tsc\src\app\app.module.js
C:\projects\VS\ngUi\dist\out-tsc\src\app\app.module.js.map
C:\projects\VS\ngUi\dist\out-tsc\src\environments\environment.js
C:\projects\VS\ngUi\dist\out-tsc\src\environments\environment.js.map
C:\projects\VS\ngUi\dist\out-tsc\src\main.js
C:\projects\VS\ngUi\dist\out-tsc\src\main.js.map
C:\projects\VS\ngUi\dist\out-tsc\src\polyfills.js
C:\projects\VS\ngUi\dist\out-tsc\src\polyfills.js.map
C:\projects\VS\ngUi\dist\out-tsc\src\test.js
C:\projects\VS\ngUi\dist\out-tsc\src\test.js.map
C:\projects\VS\ngUi\dist\out-tsc\src\environments\environment.prod.js
C:\projects\VS\ngUi\dist\out-tsc\src\environments\environment.prod.js.map
C:\projects\VS\ngUi\dist\out-tsc\src\app\app.component.spec.js
C:\projects\VS\ngUi\dist\out-tsc\src\app\app.component.spec.js.map
C:\projects\VS\ngUi\dist\out-tsc\src\app\thankyou\thankyou.component.spec.js
C:\projects\VS\ngUi\dist\out-tsc\src\app\thankyou\thankyou.component.spec.js.map
C:\projects\VS\ngUi\dist\out-tsc\src\app\services\http-service-variables.js
C:\projects\VS\ngUi\dist\out-tsc\src\app\services\http-service-variables.js.map
C:\projects\VS\ngUi\dist\out-tsc\src\app\sandbox\sandbox.component.spec.js
C:\projects\VS\ngUi\dist\out-tsc\src\app\sandbox\sandbox.component.spec.js.map
C:\projects\VS\ngUi\dist\out-tsc\src\app\registration\register.component_backup.js
C:\projects\VS\ngUi\dist\out-tsc\src\app\registration\register.component_backup.js.map
C:\projects\VS\ngUi\dist\out-tsc\src\app\registration\registration-service.service.spec.js
C:\projects\VS\ngUi\dist\out-tsc\src\app\registration\registration-service.service.spec.js.map
C:\projects\VS\ngUi\dist\out-tsc\src\app\registration\registration.component.spec.js
C:\projects\VS\ngUi\dist\out-tsc\src\app\registration\registration.component.spec.js.map
C:\projects\VS\ngUi\dist\out-tsc\src\app\profile\profile.component.spec.js
C:\projects\VS\ngUi\dist\out-tsc\src\app\profile\profile.component.spec.js.map
C:\projects\VS\ngUi\dist\out-tsc\src\app\password\password.component.spec.js
C:\projects\VS\ngUi\dist\out-tsc\src\app\password\password.component.spec.js.map
C:\projects\VS\ngUi\dist\out-tsc\src\app\login\login.component.spec.js
C:\projects\VS\ngUi\dist\out-tsc\src\app\login\login.component.spec.js.map
C:\projects\VS\ngUi\dist\out-tsc\src\app\home\home.component.spec.js
C:\projects\VS\ngUi\dist\out-tsc\src\app\home\home.component.spec.js.map
C:\projects\VS\ngUi\dist\out-tsc\src\app\header\header.component.spec.js
C:\projects\VS\ngUi\dist\out-tsc\src\app\header\header.component.spec.js.map
C:\projects\VS\ngUi\dist\out-tsc\src\app\footer\footer.component.spec.js
C:\projects\VS\ngUi\dist\out-tsc\src\app\footer\footer.component.spec.js.map
C:\projects\VS\ngUi\dist\out-tsc\src\app\callback\callback.component.spec.js
C:\projects\VS\ngUi\dist\out-tsc\src\app\callback\callback.component.spec.js.map
C:\projects\VS\ngUi\dist\out-tsc\e2e\app.po.js
C:\projects\VS\ngUi\dist\out-tsc\e2e\app.po.js.map
C:\projects\VS\ngUi\dist\out-tsc\e2e\app.e2e-spec.js
C:\projects\VS\ngUi\dist\out-tsc\e2e\app.e2e-spec.js.map
